<?xml version="1.0" encoding="UTF-8"?>
<testsuite xmlns:xsi="http://www.w3.org/2001/XMLSchema-instance" xsi:noNamespaceSchemaLocation="https://maven.apache.org/surefire/maven-surefire-plugin/xsd/surefire-test-report.xsd" version="3.0.2" name="com.transactionservice.service.TransactionServiceTest" time="0.103" tests="7" errors="0" skipped="0" failures="0">
  <properties>
[...]
</properties>
  <testcase name="shouldThrowLoginServiceUnavailableExceptionWhenServiceIsDown" classname="com.transactionservice.service.TransactionServiceTest" time="0.067">
    <system-out><![CDATA[2026-04-24 18:43:30.964 [main] INFO  c.t.service.TransactionService - Processing transaction: customerId='customer-4', type='PIX', amount='100.00', channel='MOBILE'
2026-04-24 18:43:30.964 [main] INFO  c.t.service.TransactionService - Fetching session from LoginService for customerId='customer-4'
2026-04-24 18:43:30.965 [main] ERROR c.t.service.TransactionService - Unexpected error processing transaction for customerId='customer-4': LoginService is unavailable
com.transactionservice.exception.LoginServiceUnavailableException: LoginService is unavailable
	at com.transactionservice.infrastructure.client.LoginClient.getSession(LoginClient.java:35)
	at com.transactionservice.service.TransactionService.lambda$fetchAndValidateSession$0(TransactionService.java:111)
	at io.micrometer.core.instrument.AbstractTimer.record(AbstractTimer.java:190)
	at com.transactionservice.service.TransactionService.fetchAndValidateSession(TransactionService.java:111)
	at com.transactionservice.service.TransactionService.processTransaction(TransactionService.java:73)
	at com.transactionservice.service.TransactionServiceTest.lambda$shouldThrowLoginServiceUnavailableExceptionWhenServiceIsDown$2(TransactionServiceTest.java:124)
	at org.assertj.core.api.ThrowableAssert.catchThrowable(ThrowableAssert.java:63)
	at org.assertj.core.api.AssertionsForClassTypes.catchThrowable(AssertionsForClassTypes.java:904)
	at org.assertj.core.api.Assertions.catchThrowable(Assertions.java:1470)
	at org.assertj.core.api.Assertions.assertThatThrownBy(Assertions.java:1313)
	at com.transactionservice.service.TransactionServiceTest.shouldThrowLoginServiceUnavailableExceptionWhenServiceIsDown(TransactionServiceTest.java:124)
	at java.base/jdk.internal.reflect.NativeMethodAccessorImpl.invoke0(Native Method)
	at java.base/jdk.internal.reflect.NativeMethodAccessorImpl.invoke(NativeMethodAccessorImpl.java:77)
	at java.base/jdk.internal.reflect.DelegatingMethodAccessorImpl.invoke(DelegatingMethodAccessorImpl.java:43)
	at java.base/java.lang.reflect.Method.invoke(Method.java:569)
	at org.junit.platform.commons.util.ReflectionUtils.invokeMethod(ReflectionUtils.java:767)
	at org.junit.jupiter.engine.execution.MethodInvocation.proceed(MethodInvocation.java:60)
	at org.junit.jupiter.engine.execution.InvocationInterceptorChain$ValidatingInvocation.proceed(InvocationInterceptorChain.java:131)
	at org.junit.jupiter.engine.extension.TimeoutExtension.intercept(TimeoutExtension.java:156)
	at org.junit.jupiter.engine.extension.TimeoutExtension.interceptTestableMethod(TimeoutExtension.java:147)
	at org.junit.jupiter.engine.extension.TimeoutExtension.interceptTestMethod(TimeoutExtension.java:86)
	at org.junit.jupiter.engine.execution.InterceptingExecutableInvoker$ReflectiveInterceptorCall.lambda$ofVoidMethod$0(InterceptingExecutableInvoker.java:103)
	at org.junit.jupiter.engine.execution.InterceptingExecutableInvoker.lambda$invoke$0(InterceptingExecutableInvoker.java:93)
	at org.junit.jupiter.engine.execution.InvocationInterceptorChain$InterceptedInvocation.proceed(InvocationInterceptorChain.java:106)
	at org.junit.jupiter.engine.execution.InvocationInterceptorChain.proceed(InvocationInterceptorChain.java:64)
	at org.junit.jupiter.engine.execution.InvocationInterceptorChain.chainAndInvoke(InvocationInterceptorChain.java:45)
	at org.junit.jupiter.engine.execution.InvocationInterceptorChain.invoke(InvocationInterceptorChain.java:37)
	at org.junit.jupiter.engine.execution.InterceptingExecutableInvoker.invoke(InterceptingExecutableInvoker.java:92)
	at org.junit.jupiter.engine.execution.InterceptingExecutableInvoker.invoke(InterceptingExecutableInvoker.java:86)
	at org.junit.jupiter.engine.descriptor.TestMethodTestDescriptor.lambda$invokeTestMethod$8(TestMethodTestDescriptor.java:217)
	at org.junit.platform.engine.support.hierarchical.ThrowableCollector.execute(ThrowableCollector.java:73)
	at org.junit.jupiter.engine.descriptor.TestMethodTestDescriptor.invokeTestMethod(TestMethodTestDescriptor.java:213)
	at org.junit.jupiter.engine.descriptor.TestMethodTestDescriptor.execute(TestMethodTestDescriptor.java:138)
	at org.junit.jupiter.engine.descriptor.TestMethodTestDescriptor.execute(TestMethodTestDescriptor.java:68)
	at org.junit.platform.engine.support.hierarchical.NodeTestTask.lambda$executeRecursively$6(NodeTestTask.java:156)
	at org.junit.platform.engine.support.hierarchical.ThrowableCollector.execute(ThrowableCollector.java:73)
	at org.junit.platform.engine.support.hierarchical.NodeTestTask.lambda$executeRecursively$8(NodeTestTask.java:146)
	at org.junit.platform.engine.support.hierarchical.Node.around(Node.java:137)
	at org.junit.platform.engine.support.hierarchical.NodeTestTask.lambda$executeRecursively$9(NodeTestTask.java:144)
	at org.junit.platform.engine.support.hierarchical.ThrowableCollector.execute(ThrowableCollector.java:73)
	at org.junit.platform.engine.support.hierarchical.NodeTestTask.executeRecursively(NodeTestTask.java:143)
	at org.junit.platform.engine.support.hierarchical.NodeTestTask.execute(NodeTestTask.java:100)
	at java.base/java.util.ArrayList.forEach(ArrayList.java:1511)
	at org.junit.platform.engine.support.hierarchical.SameThreadHierarchicalTestExecutorService.invokeAll(SameThreadHierarchicalTestExecutorService.java:41)
	at org.junit.platform.engine.support.hierarchical.NodeTestTask.lambda$executeRecursively$6(NodeTestTask.java:160)
	at org.junit.platform.engine.support.hierarchical.ThrowableCollector.execute(ThrowableCollector.java:73)
	at org.junit.platform.engine.support.hierarchical.NodeTestTask.lambda$executeRecursively$8(NodeTestTask.java:146)
	at org.junit.platform.engine.support.hierarchical.Node.around(Node.java:137)
	at org.junit.platform.engine.support.hierarchical.NodeTestTask.lambda$executeRecursively$9(NodeTestTask.java:144)
	at org.junit.platform.engine.support.hierarchical.ThrowableCollector.execute(ThrowableCollector.java:73)
	at org.junit.platform.engine.support.hierarchical.NodeTestTask.executeRecursively(NodeTestTask.java:143)
	at org.junit.platform.engine.support.hierarchical.NodeTestTask.execute(NodeTestTask.java:100)
	at java.base/java.util.ArrayList.forEach(ArrayList.java:1511)
	at org.junit.platform.engine.support.hierarchical.SameThreadHierarchicalTestExecutorService.invokeAll(SameThreadHierarchicalTestExecutorService.java:41)
	at org.junit.platform.engine.support.hierarchical.NodeTestTask.lambda$executeRecursively$6(NodeTestTask.java:160)
	at org.junit.platform.engine.support.hierarchical.ThrowableCollector.execute(ThrowableCollector.java:73)
	at org.junit.platform.engine.support.hierarchical.NodeTestTask.lambda$executeRecursively$8(NodeTestTask.java:146)
	at org.junit.platform.engine.support.hierarchical.Node.around(Node.java:137)
	at org.junit.platform.engine.support.hierarchical.NodeTestTask.lambda$executeRecursively$9(NodeTestTask.java:144)
	at org.junit.platform.engine.support.hierarchical.ThrowableCollector.execute(ThrowableCollector.java:73)
	at org.junit.platform.engine.support.hierarchical.NodeTestTask.executeRecursively(NodeTestTask.java:143)
	at org.junit.platform.engine.support.hierarchical.NodeTestTask.execute(NodeTestTask.java:100)
	at org.junit.platform.engine.support.hierarchical.SameThreadHierarchicalTestExecutorService.submit(SameThreadHierarchicalTestExecutorService.java:35)
	at org.junit.platform.engine.support.hierarchical.HierarchicalTestExecutor.execute(HierarchicalTestExecutor.java:57)
	at org.junit.platform.engine.support.hierarchical.HierarchicalTestEngine.execute(HierarchicalTestEngine.java:54)
	at org.junit.platform.launcher.core.EngineExecutionOrchestrator.execute(EngineExecutionOrchestrator.java:198)
	at org.junit.platform.launcher.core.EngineExecutionOrchestrator.execute(EngineExecutionOrchestrator.java:169)
	at org.junit.platform.launcher.core.EngineExecutionOrchestrator.execute(EngineExecutionOrchestrator.java:93)
	at org.junit.platform.launcher.core.EngineExecutionOrchestrator.lambda$execute$0(EngineExecutionOrchestrator.java:58)
	at org.junit.platform.launcher.core.EngineExecutionOrchestrator.withInterceptedStreams(EngineExecutionOrchestrator.java:141)
	at org.junit.platform.launcher.core.EngineExecutionOrchestrator.execute(EngineExecutionOrchestrator.java:57)
	at org.junit.platform.launcher.core.DefaultLauncher.execute(DefaultLauncher.java:103)
	at org.junit.platform.launcher.core.DefaultLauncher.execute(DefaultLauncher.java:85)
	at org.junit.platform.launcher.core.DelegatingLauncher.execute(DelegatingLauncher.java:47)
	at org.apache.maven.surefire.junitplatform.LazyLauncher.execute(LazyLauncher.java:56)
	at org.apache.maven.surefire.junitplatform.JUnitPlatformProvider.execute(JUnitPlatformProvider.java:184)
	at org.apache.maven.surefire.junitplatform.JUnitPlatformProvider.invokeAllTests(JUnitPlatformProvider.java:148)
	at org.apache.maven.surefire.junitplatform.JUnitPlatformProvider.invoke(JUnitPlatformProvider.java:122)
	at org.apache.maven.surefire.booter.ForkedBooter.runSuitesInProcess(ForkedBooter.java:385)
	at org.apache.maven.surefire.booter.ForkedBooter.execute(ForkedBooter.java:162)
	at org.apache.maven.surefire.booter.ForkedBooter.run(ForkedBooter.java:507)
	at org.apache.maven.surefire.booter.ForkedBooter.main(ForkedBooter.java:495)
]]></system-out>
  </testcase>
  <testcase name="shouldProcessInvestimentoTransaction" classname="com.transactionservice.service.TransactionServiceTest" time="0.011">
    <system-out><![CDATA[2026-04-24 18:43:30.975 [main] INFO  c.t.service.TransactionService - Processing transaction: customerId='customer-6', type='INVESTIMENTO', amount='10000.00', channel='MOBILE'
2026-04-24 18:43:30.975 [main] INFO  c.t.service.TransactionService - Fetching session from LoginService for customerId='customer-6'
2026-04-24 18:43:30.976 [main] INFO  c.t.service.TransactionService - Session validated: username='customer-6', contractService='true'
2026-04-24 18:43:30.977 [main] INFO  c.t.service.TransactionService - Transaction processed successfully: customerId='customer-6', type='INVESTIMENTO'
]]></system-out>
  </testcase>
  <testcase name="shouldThrowBusinessExceptionWhenContractServiceIsFalse" classname="com.transactionservice.service.TransactionServiceTest" time="0.004">
    <system-out><![CDATA[2026-04-24 18:43:30.986 [main] INFO  c.t.service.TransactionService - Processing transaction: customerId='customer-2', type='PIX', amount='100.00', channel='MOBILE'
2026-04-24 18:43:30.987 [main] INFO  c.t.service.TransactionService - Fetching session from LoginService for customerId='customer-2'
2026-04-24 18:43:30.987 [main] INFO  c.t.service.TransactionService - Session validated: username='customer-2', contractService='false'
2026-04-24 18:43:30.987 [main] WARN  c.t.service.TransactionService - Transaction rejected: customerId='customer-2', reason='Cliente não possui serviço contratado'
]]></system-out>
  </testcase>
  <testcase name="shouldThrowBusinessExceptionWhenChannelIsNotMobile" classname="com.transactionservice.service.TransactionServiceTest" time="0.003">
    <system-out><![CDATA[2026-04-24 18:43:30.991 [main] INFO  c.t.service.TransactionService - Processing transaction: customerId='customer-3', type='PIX', amount='100.00', channel='WEB'
2026-04-24 18:43:30.991 [main] WARN  c.t.service.TransactionService - Transaction rejected: customerId='customer-3', reason='Channel 'WEB' is not allowed. Only MOBILE transactions are accepted.'
]]></system-out>
  </testcase>
  <testcase name="shouldThrowBusinessExceptionForInvalidAmount" classname="com.transactionservice.service.TransactionServiceTest" time="0.003">
    <system-out><![CDATA[2026-04-24 18:43:30.995 [main] INFO  c.t.service.TransactionService - Processing transaction: customerId='customer-5', type='PAGAMENTO', amount='0', channel='MOBILE'
2026-04-24 18:43:30.996 [main] WARN  c.t.service.TransactionService - Transaction rejected: customerId='customer-5', reason='Transaction amount must be greater than zero'
]]></system-out>
  </testcase>
  <testcase name="shouldThrowUnauthorizedExceptionWhenNoAuthentication" classname="com.transactionservice.service.TransactionServiceTest" time="0.002"/>
  <testcase name="shouldProcessValidPixTransaction" classname="com.transactionservice.service.TransactionServiceTest" time="0.006">
    <system-out><![CDATA[2026-04-24 18:43:31.001 [main] INFO  c.t.service.TransactionService - Processing transaction: customerId='customer-1', type='PIX', amount='500.00', channel='MOBILE'
2026-04-24 18:43:31.001 [main] INFO  c.t.service.TransactionService - Fetching session from LoginService for customerId='customer-1'
2026-04-24 18:43:31.002 [main] INFO  c.t.service.TransactionService - Session validated: username='customer-1', contractService='true'
2026-04-24 18:43:31.002 [main] INFO  c.t.service.TransactionService - Transaction processed successfully: customerId='customer-1', type='PIX'
]]></system-out>
  </testcase>
</testsuite>