<?xml version="1.0" encoding="UTF-8"?>
<testsuite xmlns:xsi="http://www.w3.org/2001/XMLSchema-instance" xsi:noNamespaceSchemaLocation="https://maven.apache.org/surefire/maven-surefire-plugin/xsd/surefire-test-report.xsd" version="3.0.2" name="com.transactionservice.controller.TransactionControllerIntegrationTest" time="13.808" tests="7" errors="0" skipped="0" failures="0">
  <properties>
[...]
</properties>
  <testcase name="shouldReturn422WhenChannelIsNotMobile" classname="com.transactionservice.controller.TransactionControllerIntegrationTest" time="0.423">
    <system-out><![CDATA[Standard Commons Logging discovery in action with spring-jcl: please remove commons-logging.jar from classpath in order to avoid potential conflicts
18:43:17.170 [main] INFO org.springframework.test.context.support.AnnotationConfigContextLoaderUtils -- Could not detect default configuration classes for test class [com.transactionservice.controller.TransactionControllerIntegrationTest]: TransactionControllerIntegrationTest does not declare any static, non-private, non-final, nested classes annotated with @Configuration.
18:43:17.303 [main] INFO org.springframework.boot.test.context.SpringBootTestContextBootstrapper -- Found @SpringBootConfiguration com.transactionservice.TransactionServiceApplication for test class com.transactionservice.controller.TransactionControllerIntegrationTest
18:43:16,936 |-INFO in ch.qos.logback.classic.LoggerContext[default] - This is logback-classic version 1.5.12
18:43:16,937 |-INFO in ch.qos.logback.classic.util.ContextInitializer@7e8279e5 - Here is a list of configurators discovered as a service, by rank: 
18:43:16,938 |-INFO in ch.qos.logback.classic.util.ContextInitializer@7e8279e5 -   org.springframework.boot.logging.logback.RootLogLevelConfigurator
18:43:16,938 |-INFO in ch.qos.logback.classic.util.ContextInitializer@7e8279e5 - They will be invoked in order until ExecutionStatus.DO_NOT_INVOKE_NEXT_IF_ANY is returned.
18:43:16,938 |-INFO in ch.qos.logback.classic.util.ContextInitializer@7e8279e5 - Constructed configurator of type class org.springframework.boot.logging.logback.RootLogLevelConfigurator
18:43:16,945 |-INFO in ch.qos.logback.classic.util.ContextInitializer@7e8279e5 - org.springframework.boot.logging.logback.RootLogLevelConfigurator.configure() call lasted 0 milliseconds. ExecutionStatus=INVOKE_NEXT_IF_ANY
18:43:16,945 |-INFO in ch.qos.logback.classic.util.ContextInitializer@7e8279e5 - Trying to configure with ch.qos.logback.classic.joran.SerializedModelConfigurator
18:43:16,945 |-INFO in ch.qos.logback.classic.util.ContextInitializer@7e8279e5 - Constructed configurator of type class ch.qos.logback.classic.joran.SerializedModelConfigurator
18:43:16,947 |-INFO in ch.qos.logback.classic.LoggerContext[default] - Could NOT find resource [logback-test.scmo]
18:43:16,947 |-INFO in ch.qos.logback.classic.LoggerContext[default] - Could NOT find resource [logback.scmo]
18:43:16,947 |-INFO in ch.qos.logback.classic.util.ContextInitializer@7e8279e5 - ch.qos.logback.classic.joran.SerializedModelConfigurator.configure() call lasted 2 milliseconds. ExecutionStatus=INVOKE_NEXT_IF_ANY
18:43:16,947 |-INFO in ch.qos.logback.classic.util.ContextInitializer@7e8279e5 - Trying to configure with ch.qos.logback.classic.util.DefaultJoranConfigurator
18:43:16,948 |-INFO in ch.qos.logback.classic.util.ContextInitializer@7e8279e5 - Constructed configurator of type class ch.qos.logback.classic.util.DefaultJoranConfigurator
18:43:16,948 |-INFO in ch.qos.logback.classic.LoggerContext[default] - Could NOT find resource [logback-test.xml]
18:43:16,948 |-INFO in ch.qos.logback.classic.LoggerContext[default] - Could NOT find resource [logback.xml]
18:43:16,948 |-INFO in ch.qos.logback.classic.util.ContextInitializer@7e8279e5 - ch.qos.logback.classic.util.DefaultJoranConfigurator.configure() call lasted 0 milliseconds. ExecutionStatus=INVOKE_NEXT_IF_ANY
18:43:16,948 |-INFO in ch.qos.logback.classic.util.ContextInitializer@7e8279e5 - Trying to configure with ch.qos.logback.classic.BasicConfigurator
18:43:16,949 |-INFO in ch.qos.logback.classic.util.ContextInitializer@7e8279e5 - Constructed configurator of type class ch.qos.logback.classic.BasicConfigurator
18:43:16,949 |-INFO in ch.qos.logback.classic.BasicConfigurator@2b53840a - Setting up default configuration.
18:43:16,961 |-INFO in ch.qos.logback.classic.util.ContextInitializer@7e8279e5 - ch.qos.logback.classic.BasicConfigurator.configure() call lasted 12 milliseconds. ExecutionStatus=NEUTRAL
18:43:18,290 |-WARN in ch.qos.logback.core.model.processor.AppenderModelHandler - Appender named [CONSOLE] not referenced. Skipping further processing.
18:43:18,290 |-INFO in ch.qos.logback.core.model.processor.AppenderModelHandler - Processing appender named [CONSOLE_PLAIN]
18:43:18,290 |-INFO in ch.qos.logback.core.model.processor.AppenderModelHandler - About to instantiate appender of type [ch.qos.logback.core.ConsoleAppender]
18:43:18,293 |-INFO in ch.qos.logback.core.model.processor.ImplicitModelHandler - Assuming default type [ch.qos.logback.classic.encoder.PatternLayoutEncoder] for [encoder] property
18:43:18,302 |-INFO in ch.qos.logback.classic.model.processor.RootLoggerModelHandler - Setting level of ROOT logger to INFO
18:43:18,303 |-INFO in ch.qos.logback.classic.jul.LevelChangePropagator@3caafa67 - Propagating INFO level on Logger[ROOT] onto the JUL framework
18:43:18,303 |-INFO in ch.qos.logback.core.model.processor.AppenderRefModelHandler - Attaching appender named [CONSOLE_PLAIN] to Logger[ROOT]
18:43:18,303 |-INFO in ch.qos.logback.core.model.processor.DefaultProcessor@3e546734 - End of configuration.
18:43:18,303 |-INFO in org.springframework.boot.logging.logback.SpringBootJoranConfigurator@53747c4a - Registering current configuration as safe fallback point


  .   ____          _            __ _ _
 /\\ / ___'_ __ _ _(_)_ __  __ _ \ \ \ \
( ( )\___ | '_ | '_| | '_ \/ _` | \ \ \ \
 \\/  ___)| |_)| | | | | || (_| |  ) ) ) )
  '  |____| .__|_| |_|_| |_\__, | / / / /
 =========|_|==============|___/=/_/_/_/

 :: Spring Boot ::                (v3.4.1)

2026-04-24 18:43:18.341 [background-preinit] INFO  o.h.validator.internal.util.Version - HV000001: Hibernate Validator 8.0.2.Final
2026-04-24 18:43:18.398 [main] INFO  c.t.c.TransactionControllerIntegrationTest - Starting TransactionControllerIntegrationTest using Java 17.0.18 with PID 4883 (started by runner in /home/runner/work/TransactionService/TransactionService)
2026-04-24 18:43:18.399 [main] INFO  c.t.c.TransactionControllerIntegrationTest - The following 1 profile is active: "test"
2026-04-24 18:43:21.308 [main] INFO  o.s.b.w.e.tomcat.TomcatWebServer - Tomcat initialized with port 0 (http)
2026-04-24 18:43:21.319 [main] INFO  o.a.coyote.http11.Http11NioProtocol - Initializing ProtocolHandler ["http-nio-auto-1"]
2026-04-24 18:43:21.321 [main] INFO  o.a.catalina.core.StandardService - Starting service [Tomcat]
2026-04-24 18:43:21.322 [main] INFO  o.a.catalina.core.StandardEngine - Starting Servlet engine: [Apache Tomcat/10.1.34]
2026-04-24 18:43:21.390 [main] INFO  o.a.c.c.C.[Tomcat].[localhost].[/] - Initializing Spring embedded WebApplicationContext
2026-04-24 18:43:21.391 [main] INFO  o.s.b.w.s.c.ServletWebServerApplicationContext - Root WebApplicationContext: initialization completed in 2981 ms
Standard Commons Logging discovery in action with spring-jcl: please remove commons-logging.jar from classpath in order to avoid potential conflicts
2026-04-24 18:43:22.381 [main] WARN  o.s.b.a.s.s.UserDetailsServiceAutoConfiguration - 

Using generated security password: 9be10007-60af-471f-84f5-41c308c68709

This generated password is for development use only. Your security configuration must be updated before running your application in production.

2026-04-24 18:43:23.018 [main] INFO  o.s.b.a.e.web.EndpointLinksResolver - Exposing 5 endpoints beneath base path '/actuator'
2026-04-24 18:43:24.555 [main] INFO  o.a.c.c.C.[Tomcat].[localhost].[/] - Initializing Spring TestDispatcherServlet ''
2026-04-24 18:43:24.556 [main] INFO  o.s.t.w.s.TestDispatcherServlet - Initializing Servlet ''
2026-04-24 18:43:24.558 [main] INFO  o.s.t.w.s.TestDispatcherServlet - Completed initialization in 1 ms
2026-04-24 18:43:24.705 [main] INFO  o.a.coyote.http11.Http11NioProtocol - Starting ProtocolHandler ["http-nio-auto-1"]
2026-04-24 18:43:24.716 [main] INFO  o.s.b.w.e.tomcat.TomcatWebServer - Tomcat started on port 37061 (http) with context path '/'
2026-04-24 18:43:24.749 [main] INFO  c.t.c.TransactionControllerIntegrationTest - Started TransactionControllerIntegrationTest in 6.73 seconds (process running for 8.628)
2026-04-24 18:43:25.161 [main] INFO  c.t.controller.TransactionController - Received POST /transactions request: type='PIX', amount='100.00'
2026-04-24 18:43:25.162 [main] INFO  c.t.service.TransactionService - Processing transaction: customerId='customer-111', type='PIX', amount='100.00', channel='WEB'
2026-04-24 18:43:25.162 [main] WARN  c.t.service.TransactionService - Transaction rejected: customerId='customer-111', reason='Channel 'WEB' is not allowed. Only MOBILE transactions are accepted.'
2026-04-24 18:43:25.165 [main] WARN  c.t.c.GlobalExceptionHandler - Business rule violation: Channel 'WEB' is not allowed. Only MOBILE transactions are accepted.
]]></system-out>
  </testcase>
  <testcase name="shouldReturn401WhenTokenIsExpired" classname="com.transactionservice.controller.TransactionControllerIntegrationTest" time="0.035">
    <system-out><![CDATA[2026-04-24 18:43:25.253 [main] WARN  c.t.i.security.JwtTokenProvider - Invalid JWT token: JWT expired 3600237 milliseconds ago at 2026-04-24T17:43:25.000Z. Current time: 2026-04-24T18:43:25.237Z. Allowed clock skew: 0 milliseconds.
]]></system-out>
  </testcase>
  <testcase name="shouldReturn202ForValidTransaction" classname="com.transactionservice.controller.TransactionControllerIntegrationTest" time="0.511">
    <system-out><![CDATA[2026-04-24 18:43:25.305 [main] INFO  c.t.controller.TransactionController - Received POST /transactions request: type='PIX', amount='500.00'
2026-04-24 18:43:25.305 [main] INFO  c.t.service.TransactionService - Processing transaction: customerId='customer-123', type='PIX', amount='500.00', channel='MOBILE'
2026-04-24 18:43:25.305 [main] INFO  c.t.service.TransactionService - Fetching session from LoginService for customerId='customer-123'
2026-04-24 18:43:25.317 [main] INFO  c.t.i.client.LoginClient - Calling LoginService /me endpoint
2026-04-24 18:43:25.752 [main] INFO  c.t.i.client.LoginClient - LoginService response received for user: customer-123
2026-04-24 18:43:25.754 [main] INFO  c.t.service.TransactionService - Session validated: username='customer-123', contractService='true'
2026-04-24 18:43:25.758 [main] INFO  c.t.service.TransactionService - Transaction processed successfully: customerId='customer-123', type='PIX'
2026-04-24 18:43:25.758 [main] INFO  c.t.controller.TransactionController - Transaction accepted: transactionId='4e364c32-1fd4-4c88-9f2d-dcb0971f049a'
]]></system-out>
  </testcase>
  <testcase name="shouldReturn422WhenNoContractedService" classname="com.transactionservice.controller.TransactionControllerIntegrationTest" time="0.039">
    <system-out><![CDATA[2026-04-24 18:43:25.799 [main] INFO  c.t.controller.TransactionController - Received POST /transactions request: type='PIX', amount='100.00'
2026-04-24 18:43:25.799 [main] INFO  c.t.service.TransactionService - Processing transaction: customerId='customer-456', type='PIX', amount='100.00', channel='MOBILE'
2026-04-24 18:43:25.799 [main] INFO  c.t.service.TransactionService - Fetching session from LoginService for customerId='customer-456'
2026-04-24 18:43:25.799 [main] INFO  c.t.i.client.LoginClient - Calling LoginService /me endpoint
2026-04-24 18:43:25.810 [main] INFO  c.t.i.client.LoginClient - LoginService response received for user: customer-456
2026-04-24 18:43:25.811 [main] INFO  c.t.service.TransactionService - Session validated: username='customer-456', contractService='false'
2026-04-24 18:43:25.811 [main] WARN  c.t.service.TransactionService - Transaction rejected: customerId='customer-456', reason='Cliente não possui serviço contratado'
2026-04-24 18:43:25.812 [main] WARN  c.t.c.GlobalExceptionHandler - Business rule violation: Cliente não possui serviço contratado
]]></system-out>
  </testcase>
  <testcase name="shouldReturn503WhenLoginServiceIsUnavailable" classname="com.transactionservice.controller.TransactionControllerIntegrationTest" time="5.033">
    <system-out><![CDATA[2026-04-24 18:43:25.835 [main] INFO  c.t.controller.TransactionController - Received POST /transactions request: type='PIX', amount='100.00'
2026-04-24 18:43:25.835 [main] INFO  c.t.service.TransactionService - Processing transaction: customerId='customer-333', type='PIX', amount='100.00', channel='MOBILE'
2026-04-24 18:43:25.835 [main] INFO  c.t.service.TransactionService - Fetching session from LoginService for customerId='customer-333'
2026-04-24 18:43:25.836 [main] INFO  c.t.i.client.LoginClient - Calling LoginService /me endpoint
2026-04-24 18:43:30.841 [main] ERROR c.t.i.client.LoginClient - LoginService fallback triggered. Cause: java.util.concurrent.TimeoutException: Did not observe any item or terminal signal within 5000ms in 'flatMap' (and no fallback has been configured)
2026-04-24 18:43:30.841 [main] WARN  c.t.i.client.LoginClient - Fail-fast mode: blocking transaction due to LoginService unavailability
2026-04-24 18:43:30.842 [main] ERROR c.t.service.TransactionService - Unexpected error processing transaction for customerId='customer-333': LoginService is currently unavailable. Transaction blocked for safety.
com.transactionservice.exception.LoginServiceUnavailableException: LoginService is currently unavailable. Transaction blocked for safety.
	at com.transactionservice.infrastructure.client.LoginClient.getSessionFallback(LoginClient.java:62)
	at java.base/jdk.internal.reflect.NativeMethodAccessorImpl.invoke0(Native Method)
	at java.base/jdk.internal.reflect.NativeMethodAccessorImpl.invoke(NativeMethodAccessorImpl.java:77)
	at java.base/jdk.internal.reflect.DelegatingMethodAccessorImpl.invoke(DelegatingMethodAccessorImpl.java:43)
	at java.base/java.lang.reflect.Method.invoke(Method.java:569)
	at org.springframework.aop.support.AopUtils.invokeJoinpointUsingReflection(AopUtils.java:359)
	at org.springframework.aop.framework.ReflectiveMethodInvocation.invokeJoinpoint(ReflectiveMethodInvocation.java:196)
	at org.springframework.aop.framework.ReflectiveMethodInvocation.proceed(ReflectiveMethodInvocation.java:163)
	at org.springframework.aop.interceptor.ExposeInvocationInterceptor.invoke(ExposeInvocationInterceptor.java:97)
	at org.springframework.aop.framework.ReflectiveMethodInvocation.proceed(ReflectiveMethodInvocation.java:184)
	at org.springframework.aop.framework.CglibAopProxy$DynamicAdvisedInterceptor.intercept(CglibAopProxy.java:727)
	at com.transactionservice.infrastructure.client.LoginClient$$SpringCGLIB$$0.getSessionFallback(<generated>)
	at java.base/jdk.internal.reflect.NativeMethodAccessorImpl.invoke0(Native Method)
	at java.base/jdk.internal.reflect.NativeMethodAccessorImpl.invoke(NativeMethodAccessorImpl.java:77)
	at java.base/jdk.internal.reflect.DelegatingMethodAccessorImpl.invoke(DelegatingMethodAccessorImpl.java:43)
	at java.base/java.lang.reflect.Method.invoke(Method.java:569)
	at io.github.resilience4j.spring6.fallback.FallbackMethod.invoke(FallbackMethod.java:218)
	at io.github.resilience4j.spring6.fallback.FallbackMethod.fallback(FallbackMethod.java:165)
	at io.github.resilience4j.spring6.fallback.DefaultFallbackDecorator.lambda$decorate$0(DefaultFallbackDecorator.java:40)
	at io.github.resilience4j.spring6.fallback.FallbackExecutor.execute(FallbackExecutor.java:39)
	at io.github.resilience4j.spring6.circuitbreaker.configure.CircuitBreakerAspect.circuitBreakerAroundAdvice(CircuitBreakerAspect.java:109)
	at java.base/jdk.internal.reflect.NativeMethodAccessorImpl.invoke0(Native Method)
	at java.base/jdk.internal.reflect.NativeMethodAccessorImpl.invoke(NativeMethodAccessorImpl.java:77)
	at java.base/jdk.internal.reflect.DelegatingMethodAccessorImpl.invoke(DelegatingMethodAccessorImpl.java:43)
	at java.base/java.lang.reflect.Method.invoke(Method.java:569)
	at org.springframework.aop.aspectj.AbstractAspectJAdvice.invokeAdviceMethodWithGivenArgs(AbstractAspectJAdvice.java:638)
	at org.springframework.aop.aspectj.AbstractAspectJAdvice.invokeAdviceMethod(AbstractAspectJAdvice.java:628)
	at org.springframework.aop.aspectj.AspectJAroundAdvice.invoke(AspectJAroundAdvice.java:71)
	at org.springframework.aop.framework.ReflectiveMethodInvocation.proceed(ReflectiveMethodInvocation.java:173)
	at org.springframework.aop.aspectj.MethodInvocationProceedingJoinPoint.proceed(MethodInvocationProceedingJoinPoint.java:89)
	at io.github.resilience4j.retry.Retry.lambda$decorateCheckedSupplier$1(Retry.java:135)
	at io.github.resilience4j.retry.Retry.executeCheckedSupplier(Retry.java:350)
	at io.github.resilience4j.spring6.retry.configure.RetryAspect.handleDefaultJoinPoint(RetryAspect.java:175)
	at io.github.resilience4j.spring6.retry.configure.RetryAspect.proceed(RetryAspect.java:132)
	at io.github.resilience4j.spring6.retry.configure.RetryAspect.lambda$retryAroundAdvice$0(RetryAspect.java:116)
	at io.github.resilience4j.spring6.fallback.FallbackExecutor.execute(FallbackExecutor.java:37)
	at io.github.resilience4j.spring6.retry.configure.RetryAspect.retryAroundAdvice(RetryAspect.java:117)
	at java.base/jdk.internal.reflect.NativeMethodAccessorImpl.invoke0(Native Method)
	at java.base/jdk.internal.reflect.NativeMethodAccessorImpl.invoke(NativeMethodAccessorImpl.java:77)
	at java.base/jdk.internal.reflect.DelegatingMethodAccessorImpl.invoke(DelegatingMethodAccessorImpl.java:43)
	at java.base/java.lang.reflect.Method.invoke(Method.java:569)
	at org.springframework.aop.aspectj.AbstractAspectJAdvice.invokeAdviceMethodWithGivenArgs(AbstractAspectJAdvice.java:638)
	at org.springframework.aop.aspectj.AbstractAspectJAdvice.invokeAdviceMethod(AbstractAspectJAdvice.java:628)
	at org.springframework.aop.aspectj.AspectJAroundAdvice.invoke(AspectJAroundAdvice.java:71)
	at org.springframework.aop.framework.ReflectiveMethodInvocation.proceed(ReflectiveMethodInvocation.java:173)
	at org.springframework.aop.interceptor.ExposeInvocationInterceptor.invoke(ExposeInvocationInterceptor.java:97)
	at org.springframework.aop.framework.ReflectiveMethodInvocation.proceed(ReflectiveMethodInvocation.java:184)
	at org.springframework.aop.framework.CglibAopProxy$DynamicAdvisedInterceptor.intercept(CglibAopProxy.java:727)
	at com.transactionservice.infrastructure.client.LoginClient$$SpringCGLIB$$0.getSession(<generated>)
	at com.transactionservice.service.TransactionService.lambda$fetchAndValidateSession$0(TransactionService.java:111)
	at io.micrometer.core.instrument.AbstractTimer.record(AbstractTimer.java:190)
	at com.transactionservice.service.TransactionService.fetchAndValidateSession(TransactionService.java:111)
	at com.transactionservice.service.TransactionService.processTransaction(TransactionService.java:73)
	at com.transactionservice.controller.TransactionController.createTransaction(TransactionController.java:30)
	at java.base/jdk.internal.reflect.NativeMethodAccessorImpl.invoke0(Native Method)
	at java.base/jdk.internal.reflect.NativeMethodAccessorImpl.invoke(NativeMethodAccessorImpl.java:77)
	at java.base/jdk.internal.reflect.DelegatingMethodAccessorImpl.invoke(DelegatingMethodAccessorImpl.java:43)
	at java.base/java.lang.reflect.Method.invoke(Method.java:569)
	at org.springframework.web.method.support.InvocableHandlerMethod.doInvoke(InvocableHandlerMethod.java:257)
	at org.springframework.web.method.support.InvocableHandlerMethod.invokeForRequest(InvocableHandlerMethod.java:190)
	at org.springframework.web.servlet.mvc.method.annotation.ServletInvocableHandlerMethod.invokeAndHandle(ServletInvocableHandlerMethod.java:118)
	at org.springframework.web.servlet.mvc.method.annotation.RequestMappingHandlerAdapter.invokeHandlerMethod(RequestMappingHandlerAdapter.java:986)
	at org.springframework.web.servlet.mvc.method.annotation.RequestMappingHandlerAdapter.handleInternal(RequestMappingHandlerAdapter.java:891)
	at org.springframework.web.servlet.mvc.method.AbstractHandlerMethodAdapter.handle(AbstractHandlerMethodAdapter.java:87)
	at org.springframework.web.servlet.DispatcherServlet.doDispatch(DispatcherServlet.java:1088)
	at org.springframework.web.servlet.DispatcherServlet.doService(DispatcherServlet.java:978)
	at org.springframework.web.servlet.FrameworkServlet.processRequest(FrameworkServlet.java:1014)
	at org.springframework.web.servlet.FrameworkServlet.doPost(FrameworkServlet.java:914)
	at jakarta.servlet.http.HttpServlet.service(HttpServlet.java:590)
	at org.springframework.web.servlet.FrameworkServlet.service(FrameworkServlet.java:885)
	at org.springframework.test.web.servlet.TestDispatcherServlet.service(TestDispatcherServlet.java:72)
	at jakarta.servlet.http.HttpServlet.service(HttpServlet.java:658)
	at org.springframework.mock.web.MockFilterChain$ServletFilterProxy.doFilter(MockFilterChain.java:165)
	at org.springframework.mock.web.MockFilterChain.doFilter(MockFilterChain.java:132)
	at org.springframework.web.filter.OncePerRequestFilter.doFilter(OncePerRequestFilter.java:110)
	at org.springframework.test.web.servlet.setup.MockMvcFilterDecorator.doFilter(MockMvcFilterDecorator.java:162)
	at org.springframework.mock.web.MockFilterChain.doFilter(MockFilterChain.java:132)
	at org.springframework.web.filter.CompositeFilter$VirtualFilterChain.doFilter(CompositeFilter.java:108)
	at org.springframework.security.web.FilterChainProxy.lambda$doFilterInternal$3(FilterChainProxy.java:231)
	at org.springframework.security.web.ObservationFilterChainDecorator$FilterObservation$SimpleFilterObservation.lambda$wrap$1(ObservationFilterChainDecorator.java:479)
	at org.springframework.security.web.ObservationFilterChainDecorator$AroundFilterObservation$SimpleAroundFilterObservation.lambda$wrap$1(ObservationFilterChainDecorator.java:340)
	at org.springframework.security.web.ObservationFilterChainDecorator.lambda$wrapSecured$0(ObservationFilterChainDecorator.java:82)
	at org.springframework.security.web.ObservationFilterChainDecorator$VirtualFilterChain.doFilter(ObservationFilterChainDecorator.java:128)
	at org.springframework.security.web.access.intercept.AuthorizationFilter.doFilter(AuthorizationFilter.java:101)
	at org.springframework.security.web.ObservationFilterChainDecorator$ObservationFilter.wrapFilter(ObservationFilterChainDecorator.java:240)
	at org.springframework.security.web.ObservationFilterChainDecorator$ObservationFilter.doFilter(ObservationFilterChainDecorator.java:227)
	at org.springframework.security.web.ObservationFilterChainDecorator$VirtualFilterChain.doFilter(ObservationFilterChainDecorator.java:137)
	at org.springframework.security.web.access.ExceptionTranslationFilter.doFilter(ExceptionTranslationFilter.java:126)
	at org.springframework.security.web.access.ExceptionTranslationFilter.doFilter(ExceptionTranslationFilter.java:120)
	at org.springframework.security.web.ObservationFilterChainDecorator$ObservationFilter.wrapFilter(ObservationFilterChainDecorator.java:240)
	at org.springframework.security.web.ObservationFilterChainDecorator$ObservationFilter.doFilter(ObservationFilterChainDecorator.java:227)
	at org.springframework.security.web.ObservationFilterChainDecorator$VirtualFilterChain.doFilter(ObservationFilterChainDecorator.java:137)
	at org.springframework.security.web.session.SessionManagementFilter.doFilter(SessionManagementFilter.java:131)
	at org.springframework.security.web.session.SessionManagementFilter.doFilter(SessionManagementFilter.java:85)
	at org.springframework.security.web.ObservationFilterChainDecorator$ObservationFilter.wrapFilter(ObservationFilterChainDecorator.java:240)
	at org.springframework.security.web.ObservationFilterChainDecorator$ObservationFilter.doFilter(ObservationFilterChainDecorator.java:227)
	at org.springframework.security.web.ObservationFilterChainDecorator$VirtualFilterChain.doFilter(ObservationFilterChainDecorator.java:137)
	at org.springframework.security.web.authentication.AnonymousAuthenticationFilter.doFilter(AnonymousAuthenticationFilter.java:100)
	at org.springframework.security.web.ObservationFilterChainDecorator$ObservationFilter.wrapFilter(ObservationFilterChainDecorator.java:240)
	at org.springframework.security.web.ObservationFilterChainDecorator$ObservationFilter.doFilter(ObservationFilterChainDecorator.java:227)
	at org.springframework.security.web.ObservationFilterChainDecorator$VirtualFilterChain.doFilter(ObservationFilterChainDecorator.java:137)
	at org.springframework.security.web.servletapi.SecurityContextHolderAwareRequestFilter.doFilter(SecurityContextHolderAwareRequestFilter.java:179)
	at org.springframework.security.web.ObservationFilterChainDecorator$ObservationFilter.wrapFilter(ObservationFilterChainDecorator.java:240)
	at org.springframework.security.web.ObservationFilterChainDecorator$ObservationFilter.doFilter(ObservationFilterChainDecorator.java:227)
	at org.springframework.security.web.ObservationFilterChainDecorator$VirtualFilterChain.doFilter(ObservationFilterChainDecorator.java:137)
	at org.springframework.security.web.savedrequest.RequestCacheAwareFilter.doFilter(RequestCacheAwareFilter.java:63)
	at org.springframework.security.web.ObservationFilterChainDecorator$ObservationFilter.wrapFilter(ObservationFilterChainDecorator.java:240)
	at org.springframework.security.web.ObservationFilterChainDecorator$ObservationFilter.doFilter(ObservationFilterChainDecorator.java:227)
	at org.springframework.security.web.ObservationFilterChainDecorator$VirtualFilterChain.doFilter(ObservationFilterChainDecorator.java:137)
	at com.transactionservice.infrastructure.security.JwtAuthenticationFilter.doFilterInternal(JwtAuthenticationFilter.java:55)
	at org.springframework.web.filter.OncePerRequestFilter.doFilter(OncePerRequestFilter.java:116)
	at org.springframework.security.web.ObservationFilterChainDecorator$ObservationFilter.wrapFilter(ObservationFilterChainDecorator.java:240)
	at org.springframework.security.web.ObservationFilterChainDecorator$ObservationFilter.doFilter(ObservationFilterChainDecorator.java:227)
	at org.springframework.security.web.ObservationFilterChainDecorator$VirtualFilterChain.doFilter(ObservationFilterChainDecorator.java:137)
	at org.springframework.security.web.authentication.logout.LogoutFilter.doFilter(LogoutFilter.java:107)
	at org.springframework.security.web.authentication.logout.LogoutFilter.doFilter(LogoutFilter.java:93)
	at org.springframework.security.web.ObservationFilterChainDecorator$ObservationFilter.wrapFilter(ObservationFilterChainDecorator.java:240)
	at org.springframework.security.web.ObservationFilterChainDecorator$ObservationFilter.doFilter(ObservationFilterChainDecorator.java:227)
	at org.springframework.security.web.ObservationFilterChainDecorator$VirtualFilterChain.doFilter(ObservationFilterChainDecorator.java:137)
	at org.springframework.security.web.header.HeaderWriterFilter.doHeadersAfter(HeaderWriterFilter.java:90)
	at org.springframework.security.web.header.HeaderWriterFilter.doFilterInternal(HeaderWriterFilter.java:75)
	at org.springframework.web.filter.OncePerRequestFilter.doFilter(OncePerRequestFilter.java:116)
	at org.springframework.security.web.ObservationFilterChainDecorator$ObservationFilter.wrapFilter(ObservationFilterChainDecorator.java:240)
	at org.springframework.security.web.ObservationFilterChainDecorator$ObservationFilter.doFilter(ObservationFilterChainDecorator.java:227)
	at org.springframework.security.web.ObservationFilterChainDecorator$VirtualFilterChain.doFilter(ObservationFilterChainDecorator.java:137)
	at org.springframework.security.web.context.SecurityContextHolderFilter.doFilter(SecurityContextHolderFilter.java:82)
	at org.springframework.security.web.context.SecurityContextHolderFilter.doFilter(SecurityContextHolderFilter.java:69)
	at org.springframework.security.web.ObservationFilterChainDecorator$ObservationFilter.wrapFilter(ObservationFilterChainDecorator.java:240)
	at org.springframework.security.web.ObservationFilterChainDecorator$ObservationFilter.doFilter(ObservationFilterChainDecorator.java:227)
	at org.springframework.security.web.ObservationFilterChainDecorator$VirtualFilterChain.doFilter(ObservationFilterChainDecorator.java:137)
	at org.springframework.security.web.context.request.async.WebAsyncManagerIntegrationFilter.doFilterInternal(WebAsyncManagerIntegrationFilter.java:62)
	at org.springframework.web.filter.OncePerRequestFilter.doFilter(OncePerRequestFilter.java:116)
	at org.springframework.security.web.ObservationFilterChainDecorator$ObservationFilter.wrapFilter(ObservationFilterChainDecorator.java:240)
	at org.springframework.security.web.ObservationFilterChainDecorator$ObservationFilter.doFilter(ObservationFilterChainDecorator.java:227)
	at org.springframework.security.web.ObservationFilterChainDecorator$VirtualFilterChain.doFilter(ObservationFilterChainDecorator.java:137)
	at org.springframework.security.web.session.DisableEncodeUrlFilter.doFilterInternal(DisableEncodeUrlFilter.java:42)
	at org.springframework.web.filter.OncePerRequestFilter.doFilter(OncePerRequestFilter.java:116)
	at org.springframework.security.web.ObservationFilterChainDecorator$ObservationFilter.wrapFilter(ObservationFilterChainDecorator.java:240)
	at org.springframework.security.web.ObservationFilterChainDecorator$AroundFilterObservation$SimpleAroundFilterObservation.lambda$wrap$0(ObservationFilterChainDecorator.java:323)
	at org.springframework.security.web.ObservationFilterChainDecorator$ObservationFilter.doFilter(ObservationFilterChainDecorator.java:224)
	at org.springframework.security.web.ObservationFilterChainDecorator$VirtualFilterChain.doFilter(ObservationFilterChainDecorator.java:137)
	at org.springframework.security.web.FilterChainProxy.doFilterInternal(FilterChainProxy.java:233)
	at org.springframework.security.web.FilterChainProxy.doFilter(FilterChainProxy.java:191)
	at org.springframework.web.filter.CompositeFilter$VirtualFilterChain.doFilter(CompositeFilter.java:113)
	at org.springframework.web.servlet.handler.HandlerMappingIntrospector.lambda$createCacheFilter$3(HandlerMappingIntrospector.java:243)
	at org.springframework.web.filter.CompositeFilter$VirtualFilterChain.doFilter(CompositeFilter.java:113)
	at org.springframework.web.filter.CompositeFilter.doFilter(CompositeFilter.java:74)
	at org.springframework.security.config.annotation.web.configuration.WebMvcSecurityConfiguration$CompositeFilterChainProxy.doFilter(WebMvcSecurityConfiguration.java:238)
	at org.springframework.web.filter.DelegatingFilterProxy.invokeDelegate(DelegatingFilterProxy.java:362)
	at org.springframework.web.filter.DelegatingFilterProxy.doFilter(DelegatingFilterProxy.java:278)
	at org.springframework.test.web.servlet.setup.MockMvcFilterDecorator.doFilter(MockMvcFilterDecorator.java:162)
	at org.springframework.mock.web.MockFilterChain.doFilter(MockFilterChain.java:132)
	at org.springframework.web.filter.RequestContextFilter.doFilterInternal(RequestContextFilter.java:100)
	at org.springframework.web.filter.OncePerRequestFilter.doFilter(OncePerRequestFilter.java:116)
	at org.springframework.test.web.servlet.setup.MockMvcFilterDecorator.doFilter(MockMvcFilterDecorator.java:162)
	at org.springframework.mock.web.MockFilterChain.doFilter(MockFilterChain.java:132)
	at org.springframework.web.filter.FormContentFilter.doFilterInternal(FormContentFilter.java:93)
	at org.springframework.web.filter.OncePerRequestFilter.doFilter(OncePerRequestFilter.java:116)
	at org.springframework.test.web.servlet.setup.MockMvcFilterDecorator.doFilter(MockMvcFilterDecorator.java:162)
	at org.springframework.mock.web.MockFilterChain.doFilter(MockFilterChain.java:132)
	at org.springframework.web.filter.ServerHttpObservationFilter.doFilterInternal(ServerHttpObservationFilter.java:114)
	at org.springframework.web.filter.OncePerRequestFilter.doFilter(OncePerRequestFilter.java:116)
	at org.springframework.test.web.servlet.setup.MockMvcFilterDecorator.doFilter(MockMvcFilterDecorator.java:162)
	at org.springframework.mock.web.MockFilterChain.doFilter(MockFilterChain.java:132)
	at org.springframework.web.filter.CharacterEncodingFilter.doFilterInternal(CharacterEncodingFilter.java:201)
	at org.springframework.web.filter.OncePerRequestFilter.doFilter(OncePerRequestFilter.java:116)
	at org.springframework.test.web.servlet.setup.MockMvcFilterDecorator.doFilter(MockMvcFilterDecorator.java:162)
	at org.springframework.mock.web.MockFilterChain.doFilter(MockFilterChain.java:132)
	at org.springframework.test.web.servlet.MockMvc.perform(MockMvc.java:201)
	at com.transactionservice.controller.TransactionControllerIntegrationTest.shouldReturn503WhenLoginServiceIsUnavailable(TransactionControllerIntegrationTest.java:213)
	at java.base/jdk.internal.reflect.NativeMethodAccessorImpl.invoke0(Native Method)
	at java.base/jdk.internal.reflect.NativeMethodAccessorImpl.invoke(NativeMethodAccessorImpl.java:77)
	at java.base/jdk.internal.reflect.DelegatingMethodAccessorImpl.invoke(DelegatingMethodAccessorImpl.java:43)
	at java.base/java.lang.reflect.Method.invoke(Method.java:569)
	at org.junit.platform.commons.util.ReflectionUtils.invokeMethod(ReflectionUtils.java:767)
	at org.junit.jupiter.engine.execution.MethodInvocation.proceed(MethodInvocation.java:60)
	at org.junit.jupiter.engine.execution.InvocationInterceptorChain$ValidatingInvocation.proceed(InvocationInterceptorChain.java:131)
	at org.junit.jupiter.engine.extension.TimeoutExtension.intercept(TimeoutExtension.java:156)
	at org.junit.jupiter.engine.extension.TimeoutExtension.interceptTestableMethod(TimeoutExtension.java:147)
	at org.junit.jupiter.engine.extension.TimeoutExtension.interceptTestMethod(TimeoutExtension.java:86)
	at org.junit.jupiter.engine.execution.InterceptingExecutableInvoker$ReflectiveInterceptorCall.lambda$ofVoidMethod$0(InterceptingExecutableInvoker.java:103)
	at org.junit.jupiter.engine.execution.InterceptingExecutableInvoker.lambda$invoke$0(InterceptingExecutableInvoker.java:93)
	at org.junit.jupiter.engine.execution.InvocationInterceptorChain$InterceptedInvocation.proceed(InvocationInterceptorChain.java:106)
	at org.junit.jupiter.engine.execution.InvocationInterceptorChain.proceed(InvocationInterceptorChain.java:64)
	at org.junit.jupiter.engine.execution.InvocationInterceptorChain.chainAndInvoke(InvocationInterceptorChain.java:45)
	at org.junit.jupiter.engine.execution.InvocationInterceptorChain.invoke(InvocationInterceptorChain.java:37)
	at org.junit.jupiter.engine.execution.InterceptingExecutableInvoker.invoke(InterceptingExecutableInvoker.java:92)
	at org.junit.jupiter.engine.execution.InterceptingExecutableInvoker.invoke(InterceptingExecutableInvoker.java:86)
	at org.junit.jupiter.engine.descriptor.TestMethodTestDescriptor.lambda$invokeTestMethod$8(TestMethodTestDescriptor.java:217)
	at org.junit.platform.engine.support.hierarchical.ThrowableCollector.execute(ThrowableCollector.java:73)
	at org.junit.jupiter.engine.descriptor.TestMethodTestDescriptor.invokeTestMethod(TestMethodTestDescriptor.java:213)
	at org.junit.jupiter.engine.descriptor.TestMethodTestDescriptor.execute(TestMethodTestDescriptor.java:138)
	at org.junit.jupiter.engine.descriptor.TestMethodTestDescriptor.execute(TestMethodTestDescriptor.java:68)
	at org.junit.platform.engine.support.hierarchical.NodeTestTask.lambda$executeRecursively$6(NodeTestTask.java:156)
	at org.junit.platform.engine.support.hierarchical.ThrowableCollector.execute(ThrowableCollector.java:73)
	at org.junit.platform.engine.support.hierarchical.NodeTestTask.lambda$executeRecursively$8(NodeTestTask.java:146)
	at org.junit.platform.engine.support.hierarchical.Node.around(Node.java:137)
	at org.junit.platform.engine.support.hierarchical.NodeTestTask.lambda$executeRecursively$9(NodeTestTask.java:144)
	at org.junit.platform.engine.support.hierarchical.ThrowableCollector.execute(ThrowableCollector.java:73)
	at org.junit.platform.engine.support.hierarchical.NodeTestTask.executeRecursively(NodeTestTask.java:143)
	at org.junit.platform.engine.support.hierarchical.NodeTestTask.execute(NodeTestTask.java:100)
	at java.base/java.util.ArrayList.forEach(ArrayList.java:1511)
	at org.junit.platform.engine.support.hierarchical.SameThreadHierarchicalTestExecutorService.invokeAll(SameThreadHierarchicalTestExecutorService.java:41)
	at org.junit.platform.engine.support.hierarchical.NodeTestTask.lambda$executeRecursively$6(NodeTestTask.java:160)
	at org.junit.platform.engine.support.hierarchical.ThrowableCollector.execute(ThrowableCollector.java:73)
	at org.junit.platform.engine.support.hierarchical.NodeTestTask.lambda$executeRecursively$8(NodeTestTask.java:146)
	at org.junit.platform.engine.support.hierarchical.Node.around(Node.java:137)
	at org.junit.platform.engine.support.hierarchical.NodeTestTask.lambda$executeRecursively$9(NodeTestTask.java:144)
	at org.junit.platform.engine.support.hierarchical.ThrowableCollector.execute(ThrowableCollector.java:73)
	at org.junit.platform.engine.support.hierarchical.NodeTestTask.executeRecursively(NodeTestTask.java:143)
	at org.junit.platform.engine.support.hierarchical.NodeTestTask.execute(NodeTestTask.java:100)
	at java.base/java.util.ArrayList.forEach(ArrayList.java:1511)
	at org.junit.platform.engine.support.hierarchical.SameThreadHierarchicalTestExecutorService.invokeAll(SameThreadHierarchicalTestExecutorService.java:41)
	at org.junit.platform.engine.support.hierarchical.NodeTestTask.lambda$executeRecursively$6(NodeTestTask.java:160)
	at org.junit.platform.engine.support.hierarchical.ThrowableCollector.execute(ThrowableCollector.java:73)
	at org.junit.platform.engine.support.hierarchical.NodeTestTask.lambda$executeRecursively$8(NodeTestTask.java:146)
	at org.junit.platform.engine.support.hierarchical.Node.around(Node.java:137)
	at org.junit.platform.engine.support.hierarchical.NodeTestTask.lambda$executeRecursively$9(NodeTestTask.java:144)
	at org.junit.platform.engine.support.hierarchical.ThrowableCollector.execute(ThrowableCollector.java:73)
	at org.junit.platform.engine.support.hierarchical.NodeTestTask.executeRecursively(NodeTestTask.java:143)
	at org.junit.platform.engine.support.hierarchical.NodeTestTask.execute(NodeTestTask.java:100)
	at org.junit.platform.engine.support.hierarchical.SameThreadHierarchicalTestExecutorService.submit(SameThreadHierarchicalTestExecutorService.java:35)
	at org.junit.platform.engine.support.hierarchical.HierarchicalTestExecutor.execute(HierarchicalTestExecutor.java:57)
	at org.junit.platform.engine.support.hierarchical.HierarchicalTestEngine.execute(HierarchicalTestEngine.java:54)
	at org.junit.platform.launcher.core.EngineExecutionOrchestrator.execute(EngineExecutionOrchestrator.java:198)
	at org.junit.platform.launcher.core.EngineExecutionOrchestrator.execute(EngineExecutionOrchestrator.java:169)
	at org.junit.platform.launcher.core.EngineExecutionOrchestrator.execute(EngineExecutionOrchestrator.java:93)
	at org.junit.platform.launcher.core.EngineExecutionOrchestrator.lambda$execute$0(EngineExecutionOrchestrator.java:58)
	at org.junit.platform.launcher.core.EngineExecutionOrchestrator.withInterceptedStreams(EngineExecutionOrchestrator.java:141)
	at org.junit.platform.launcher.core.EngineExecutionOrchestrator.execute(EngineExecutionOrchestrator.java:57)
	at org.junit.platform.launcher.core.DefaultLauncher.execute(DefaultLauncher.java:103)
	at org.junit.platform.launcher.core.DefaultLauncher.execute(DefaultLauncher.java:85)
	at org.junit.platform.launcher.core.DelegatingLauncher.execute(DelegatingLauncher.java:47)
	at org.apache.maven.surefire.junitplatform.LazyLauncher.execute(LazyLauncher.java:56)
	at org.apache.maven.surefire.junitplatform.JUnitPlatformProvider.execute(JUnitPlatformProvider.java:184)
	at org.apache.maven.surefire.junitplatform.JUnitPlatformProvider.invokeAllTests(JUnitPlatformProvider.java:148)
	at org.apache.maven.surefire.junitplatform.JUnitPlatformProvider.invoke(JUnitPlatformProvider.java:122)
	at org.apache.maven.surefire.booter.ForkedBooter.runSuitesInProcess(ForkedBooter.java:385)
	at org.apache.maven.surefire.booter.ForkedBooter.execute(ForkedBooter.java:162)
	at org.apache.maven.surefire.booter.ForkedBooter.run(ForkedBooter.java:507)
	at org.apache.maven.surefire.booter.ForkedBooter.main(ForkedBooter.java:495)
Caused by: reactor.core.Exceptions$ReactiveException: java.util.concurrent.TimeoutException: Did not observe any item or terminal signal within 5000ms in 'flatMap' (and no fallback has been configured)
	at reactor.core.Exceptions.propagate(Exceptions.java:410)
	at reactor.core.publisher.BlockingSingleSubscriber.blockingGet(BlockingSingleSubscriber.java:102)
	at reactor.core.publisher.Mono.block(Mono.java:1779)
	at com.transactionservice.infrastructure.client.LoginClient.getSession(LoginClient.java:51)
	at java.base/jdk.internal.reflect.NativeMethodAccessorImpl.invoke0(Native Method)
	at java.base/jdk.internal.reflect.NativeMethodAccessorImpl.invoke(NativeMethodAccessorImpl.java:77)
	at java.base/jdk.internal.reflect.DelegatingMethodAccessorImpl.invoke(DelegatingMethodAccessorImpl.java:43)
	at java.base/java.lang.reflect.Method.invoke(Method.java:569)
	at org.springframework.aop.support.AopUtils.invokeJoinpointUsingReflection(AopUtils.java:359)
	at org.springframework.aop.framework.ReflectiveMethodInvocation.invokeJoinpoint(ReflectiveMethodInvocation.java:196)
	at org.springframework.aop.framework.ReflectiveMethodInvocation.proceed(ReflectiveMethodInvocation.java:163)
	at org.springframework.aop.aspectj.MethodInvocationProceedingJoinPoint.proceed(MethodInvocationProceedingJoinPoint.java:89)
	at io.github.resilience4j.circuitbreaker.CircuitBreaker.lambda$decorateCheckedSupplier$0(CircuitBreaker.java:71)
	at io.github.resilience4j.circuitbreaker.CircuitBreaker.executeCheckedSupplier(CircuitBreaker.java:739)
	at io.github.resilience4j.spring6.circuitbreaker.configure.CircuitBreakerAspect.defaultHandling(CircuitBreakerAspect.java:179)
	at io.github.resilience4j.spring6.circuitbreaker.configure.CircuitBreakerAspect.proceed(CircuitBreakerAspect.java:126)
	at io.github.resilience4j.spring6.circuitbreaker.configure.CircuitBreakerAspect.lambda$circuitBreakerAroundAdvice$0(CircuitBreakerAspect.java:108)
	at io.github.resilience4j.spring6.fallback.DefaultFallbackDecorator.lambda$decorate$0(DefaultFallbackDecorator.java:36)
	... 222 common frames omitted
	Suppressed: java.lang.Exception: #block terminated with an error
		at reactor.core.publisher.BlockingSingleSubscriber.blockingGet(BlockingSingleSubscriber.java:104)
		... 238 common frames omitted
Caused by: java.util.concurrent.TimeoutException: Did not observe any item or terminal signal within 5000ms in 'flatMap' (and no fallback has been configured)
	at reactor.core.publisher.FluxTimeout$TimeoutMainSubscriber.handleTimeout(FluxTimeout.java:296)
	at reactor.core.publisher.FluxTimeout$TimeoutMainSubscriber.doTimeout(FluxTimeout.java:281)
	at reactor.core.publisher.FluxTimeout$TimeoutTimeoutSubscriber.onNext(FluxTimeout.java:420)
	at org.springframework.security.test.context.support.ReactorContextTestExecutionListener$DelegateTestExecutionListener$SecuritySubContext.onNext(ReactorContextTestExecutionListener.java:120)
	at reactor.core.publisher.FluxOnErrorReturn$ReturnSubscriber.onNext(FluxOnErrorReturn.java:162)
	at reactor.core.publisher.MonoDelay$MonoDelayRunnable.propagateDelay(MonoDelay.java:270)
	at reactor.core.publisher.MonoDelay$MonoDelayRunnable.run(MonoDelay.java:285)
	at reactor.core.scheduler.SchedulerTask.call(SchedulerTask.java:68)
	at reactor.core.scheduler.SchedulerTask.call(SchedulerTask.java:28)
	at java.base/java.util.concurrent.FutureTask.run(FutureTask.java:264)
	at java.base/java.util.concurrent.ScheduledThreadPoolExecutor$ScheduledFutureTask.run(ScheduledThreadPoolExecutor.java:304)
	at java.base/java.util.concurrent.ThreadPoolExecutor.runWorker(ThreadPoolExecutor.java:1136)
	at java.base/java.util.concurrent.ThreadPoolExecutor$Worker.run(ThreadPoolExecutor.java:635)
	at java.base/java.lang.Thread.run(Thread.java:840)
2026-04-24 18:43:30.846 [main] ERROR c.t.c.GlobalExceptionHandler - LoginService unavailable: LoginService is currently unavailable. Transaction blocked for safety.
]]></system-out>
  </testcase>
  <testcase name="shouldReturn400WhenRequestIsInvalid" classname="com.transactionservice.controller.TransactionControllerIntegrationTest" time="0.021">
    <system-out><![CDATA[2026-04-24 18:43:30.870 [main] WARN  c.t.c.GlobalExceptionHandler - Validation failed: [Amount must be greater than zero]
]]></system-out>
  </testcase>
  <testcase name="shouldReturn401WhenNoTokenProvided" classname="com.transactionservice.controller.TransactionControllerIntegrationTest" time="0.01"/>
</testsuite>